<?xml version="1.0" encoding="UTF-8"?>
<testng-results ignored="0" total="2" passed="2" failed="0" skipped="0">
  <reporter-output>
  </reporter-output>
  <suite started-at="2024-10-24T08:00:40 IST" name="Suite" finished-at="2024-10-24T08:01:10 IST" duration-ms="29984">
    <groups>
      <group name="Master">
        <method signature="TC_001_AccountRegistraion.test_account_registration()[pri:0, instance:testCases.TC_001_AccountRegistraion@3e08ff24]" name="test_account_registration" class="testCases.TC_001_AccountRegistraion"/>
        <method signature="TC_002_LoginTest.verifyLogin()[pri:0, instance:testCases.TC_002_LoginTest@496bc455]" name="verifyLogin" class="testCases.TC_002_LoginTest"/>
      </group> <!-- Master -->
      <group name="Sanity">
        <method signature="TC_001_AccountRegistraion.test_account_registration()[pri:0, instance:testCases.TC_001_AccountRegistraion@3e08ff24]" name="test_account_registration" class="testCases.TC_001_AccountRegistraion"/>
      </group> <!-- Sanity -->
      <group name="Regression">
        <method signature="TC_002_LoginTest.verifyLogin()[pri:0, instance:testCases.TC_002_LoginTest@496bc455]" name="verifyLogin" class="testCases.TC_002_LoginTest"/>
      </group> <!-- Regression -->
    </groups>
    <test started-at="2024-10-24T08:00:40 IST" name="Test" finished-at="2024-10-24T08:01:10 IST" duration-ms="29984">
      <class name="testCases.TC_002_LoginTest">
        <test-method is-config="true" signature="setup(java.lang.String,java.lang.String)[pri:0, instance:testCases.TC_002_LoginTest@496bc455]" started-at="2024-10-24T08:01:00 IST" name="setup" finished-at="2024-10-24T08:01:06 IST" duration-ms="5520" status="PASS">
          <params>
            <param index="0">
              <value>
                <![CDATA[windows]]>
              </value>
            </param>
            <param index="1">
              <value>
                <![CDATA[chrome]]>
              </value>
            </param>
          </params>
          <reporter-output>
          </reporter-output>
        </test-method> <!-- setup -->
        <test-method signature="verifyLogin()[pri:0, instance:testCases.TC_002_LoginTest@496bc455]" started-at="2024-10-24T08:01:06 IST" name="verifyLogin" finished-at="2024-10-24T08:01:09 IST" duration-ms="2995" status="PASS">
          <reporter-output>
          </reporter-output>
        </test-method> <!-- verifyLogin -->
        <test-method is-config="true" signature="tearDown()[pri:0, instance:testCases.TC_002_LoginTest@496bc455]" started-at="2024-10-24T08:01:09 IST" name="tearDown" finished-at="2024-10-24T08:01:10 IST" duration-ms="1088" status="PASS">
          <reporter-output>
          </reporter-output>
        </test-method> <!-- tearDown -->
      </class> <!-- testCases.TC_002_LoginTest -->
      <class name="testCases.TC_001_AccountRegistraion">
        <test-method is-config="true" signature="setup(java.lang.String,java.lang.String)[pri:0, instance:testCases.TC_001_AccountRegistraion@3e08ff24]" started-at="2024-10-24T08:00:41 IST" name="setup" finished-at="2024-10-24T08:00:53 IST" duration-ms="12181" status="PASS">
          <params>
            <param index="0">
              <value>
                <![CDATA[windows]]>
              </value>
            </param>
            <param index="1">
              <value>
                <![CDATA[chrome]]>
              </value>
            </param>
          </params>
          <reporter-output>
          </reporter-output>
        </test-method> <!-- setup -->
        <test-method signature="test_account_registration()[pri:0, instance:testCases.TC_001_AccountRegistraion@3e08ff24]" started-at="2024-10-24T08:00:53 IST" name="test_account_registration" finished-at="2024-10-24T08:00:58 IST" duration-ms="4721" status="PASS">
          <reporter-output>
          </reporter-output>
        </test-method> <!-- test_account_registration -->
        <test-method is-config="true" signature="tearDown()[pri:0, instance:testCases.TC_001_AccountRegistraion@3e08ff24]" started-at="2024-10-24T08:00:58 IST" name="tearDown" finished-at="2024-10-24T08:01:00 IST" duration-ms="2042" status="PASS">
          <reporter-output>
          </reporter-output>
        </test-method> <!-- tearDown -->
      </class> <!-- testCases.TC_001_AccountRegistraion -->
    </test> <!-- Test -->
  </suite> <!-- Suite -->
</testng-results>
