<?xml version="1.0" encoding="UTF-8"?>
<testng-results ignored="0" total="2" passed="2" failed="0" skipped="0">
  <reporter-output>
  </reporter-output>
  <suite started-at="2024-10-23T19:38:56 IST" name="Suite" finished-at="2024-10-23T19:40:04 IST" duration-ms="68369">
    <groups>
      <group name="Master">
        <method signature="TC_001_AccountRegistraion.test_account_registration()[pri:0, instance:testCases.TC_001_AccountRegistraion@5884a914]" name="test_account_registration" class="testCases.TC_001_AccountRegistraion"/>
        <method signature="TC_002_LoginTest.verifyLogin()[pri:0, instance:testCases.TC_002_LoginTest@7a6d7e92]" name="verifyLogin" class="testCases.TC_002_LoginTest"/>
      </group> <!-- Master -->
      <group name="Sanity">
        <method signature="TC_001_AccountRegistraion.test_account_registration()[pri:0, instance:testCases.TC_001_AccountRegistraion@5884a914]" name="test_account_registration" class="testCases.TC_001_AccountRegistraion"/>
      </group> <!-- Sanity -->
      <group name="Regression">
        <method signature="TC_002_LoginTest.verifyLogin()[pri:0, instance:testCases.TC_002_LoginTest@7a6d7e92]" name="verifyLogin" class="testCases.TC_002_LoginTest"/>
      </group> <!-- Regression -->
    </groups>
    <test started-at="2024-10-23T19:38:56 IST" name="Test" finished-at="2024-10-23T19:40:04 IST" duration-ms="68369">
      <class name="testCases.TC_002_LoginTest">
        <test-method is-config="true" signature="setup(java.lang.String,java.lang.String)[pri:0, instance:testCases.TC_002_LoginTest@7a6d7e92]" started-at="2024-10-23T19:39:34 IST" name="setup" finished-at="2024-10-23T19:39:48 IST" duration-ms="14187" status="PASS">
          <params>
            <param index="0">
              <value>
                <![CDATA[windows]]>
              </value>
            </param>
            <param index="1">
              <value>
                <![CDATA[chrome]]>
              </value>
            </param>
          </params>
          <reporter-output>
          </reporter-output>
        </test-method> <!-- setup -->
        <test-method signature="verifyLogin()[pri:0, instance:testCases.TC_002_LoginTest@7a6d7e92]" started-at="2024-10-23T19:39:48 IST" name="verifyLogin" finished-at="2024-10-23T19:39:56 IST" duration-ms="8322" status="PASS">
          <reporter-output>
          </reporter-output>
        </test-method> <!-- verifyLogin -->
        <test-method is-config="true" signature="tearDown()[pri:0, instance:testCases.TC_002_LoginTest@7a6d7e92]" started-at="2024-10-23T19:39:57 IST" name="tearDown" finished-at="2024-10-23T19:40:04 IST" duration-ms="7508" status="PASS">
          <reporter-output>
          </reporter-output>
        </test-method> <!-- tearDown -->
      </class> <!-- testCases.TC_002_LoginTest -->
      <class name="testCases.TC_001_AccountRegistraion">
        <test-method is-config="true" signature="setup(java.lang.String,java.lang.String)[pri:0, instance:testCases.TC_001_AccountRegistraion@5884a914]" started-at="2024-10-23T19:38:57 IST" name="setup" finished-at="2024-10-23T19:39:15 IST" duration-ms="18043" status="PASS">
          <params>
            <param index="0">
              <value>
                <![CDATA[windows]]>
              </value>
            </param>
            <param index="1">
              <value>
                <![CDATA[chrome]]>
              </value>
            </param>
          </params>
          <reporter-output>
          </reporter-output>
        </test-method> <!-- setup -->
        <test-method signature="test_account_registration()[pri:0, instance:testCases.TC_001_AccountRegistraion@5884a914]" started-at="2024-10-23T19:39:15 IST" name="test_account_registration" finished-at="2024-10-23T19:39:23 IST" duration-ms="7949" status="PASS">
          <reporter-output>
          </reporter-output>
        </test-method> <!-- test_account_registration -->
        <test-method is-config="true" signature="tearDown()[pri:0, instance:testCases.TC_001_AccountRegistraion@5884a914]" started-at="2024-10-23T19:39:23 IST" name="tearDown" finished-at="2024-10-23T19:39:34 IST" duration-ms="10541" status="PASS">
          <reporter-output>
          </reporter-output>
        </test-method> <!-- tearDown -->
      </class> <!-- testCases.TC_001_AccountRegistraion -->
    </test> <!-- Test -->
  </suite> <!-- Suite -->
</testng-results>
